#
# There is insufficient memory for the Java Runtime Environment to continue.
# Native memory allocation (malloc) failed to allocate 32744 bytes for ChunkPool::allocate
# Possible reasons:
#   The system is out of physical RAM or swap space
#   In 32 bit mode, the process size limit was hit
# Possible solutions:
#   Reduce memory load on the system
#   Increase physical memory or swap space
#   Check if swap backing store is full
#   Use 64 bit Java on a 64 bit OS
#   Decrease Java heap size (-Xmx/-Xms)
#   Decrease number of Java threads
#   Decrease Java thread stack sizes (-Xss)
#   Set larger code cache with -XX:ReservedCodeCacheSize=
# This output file may be truncated or incomplete.
#
#  Out of Memory Error (allocation.cpp:273), pid=7188, tid=0x0000000000004024
#
# JRE version: Java(TM) SE Runtime Environment (8.0_121-b13) (build 1.8.0_121-b13)
# Java VM: Java HotSpot(TM) 64-Bit Server VM (25.121-b13 mixed mode windows-amd64 compressed oops)
# Failed to write core dump. Minidumps are not enabled by default on client versions of Windows
#

---------------  T H R E A D  ---------------

Current thread (0x000000001df8c000):  JavaThread "C2 CompilerThread2" daemon [_thread_in_native, id=16420, stack(0x000000001e950000,0x000000001ea50000)]

Stack: [0x000000001e950000,0x000000001ea50000]
[error occurred during error reporting (printing stack bounds), id 0xc0000005]

Native frames: (J=compiled Java code, j=interpreted, Vv=VM code, C=native code)


Current CompileTask:
C2:  14059 1230       4       sun.awt.SunToolkit::checkImage (64 bytes)


---------------  P R O C E S S  ---------------

Java Threads: ( => current thread )
  0x000000001eed3000 JavaThread "AWT-Windows" daemon [_thread_in_native, id=16444, stack(0x000000001f880000,0x000000001f980000)]
  0x000000001e34a800 JavaThread "Java2D Disposer" daemon [_thread_blocked, id=16436, stack(0x000000001f680000,0x000000001f780000)]
  0x000000001e01e000 JavaThread "Service Thread" daemon [_thread_blocked, id=16428, stack(0x000000001eb50000,0x000000001ec50000)]
  0x000000001df8f000 JavaThread "C1 CompilerThread3" daemon [_thread_blocked, id=16424, stack(0x000000001ea50000,0x000000001eb50000)]
=>0x000000001df8c000 JavaThread "C2 CompilerThread2" daemon [_thread_in_native, id=16420, stack(0x000000001e950000,0x000000001ea50000)]
  0x000000001df7c000 JavaThread "C2 CompilerThread1" daemon [_thread_blocked, id=16416, stack(0x000000001e850000,0x000000001e950000)]
  0x000000001df79800 JavaThread "C2 CompilerThread0" daemon [_thread_blocked, id=16412, stack(0x000000001e750000,0x000000001e850000)]
  0x000000001df77800 JavaThread "Attach Listener" daemon [_thread_blocked, id=16408, stack(0x000000001e650000,0x000000001e750000)]
  0x000000001c06e800 JavaThread "Signal Dispatcher" daemon [_thread_blocked, id=16404, stack(0x000000001e550000,0x000000001e650000)]
  0x000000001df70800 JavaThread "Finalizer" daemon [_thread_blocked, id=16400, stack(0x000000001e350000,0x000000001e450000)]
  0x000000001c05d000 JavaThread "Reference Handler" daemon [_thread_blocked, id=16396, stack(0x000000001de50000,0x000000001df50000)]
  0x00000000024b0800 JavaThread "main" [_thread_in_Java, id=14680, stack(0x0000000002340000,0x0000000002440000)]

Other Threads:
  0x000000001c059000 VMThread [stack: 0x000000001dd50000,0x000000001de50000] [id=16392]
  0x000000001e020000 WatcherThread [stack: 0x000000001ec50000,0x000000001ed50000] [id=16432]

VM state:not at safepoint (normal execution)

VM Mutex/Monitor currently owned by a thread: None

Heap:
 PSYoungGen      total 556544K, used 311951K [0x000000076af00000, 0x0000000790900000, 0x00000007c0000000)
  eden space 506880K, 61% used [0x000000076af00000,0x000000077dfa3c38,0x0000000789e00000)
  from space 49664K, 0% used [0x0000000789e00000,0x0000000789e00000,0x000000078ce80000)
  to   space 39424K, 0% used [0x000000078ce80000,0x000000078ce80000,0x000000078f500000)
 ParOldGen       total 175616K, used 175432K [0x00000006c0c00000, 0x00000006cb780000, 0x000000076af00000)
  object space 175616K, 99% used [0x00000006c0c00000,0x00000006cb752260,0x00000006cb780000)
 Metaspace       used 10453K, capacity 10636K, committed 10880K, reserved 1058816K
  class space    used 1253K, capacity 1321K, committed 1408K, reserved 1048576K

Card table byte_map: [0x0000000011970000,0x0000000012170000] byte_map_base: 0x000000000e36a000

Marking Bits: (ParMarkBitMap*) 0x0000000054b5b6d0
 Begin Bits: [0x0000000012ed0000, 0x0000000016ea0000)
 End Bits:   [0x0000000016ea0000, 0x000000001ae70000)

Polling page: 0x0000000002310000

CodeCache: size=245760Kb used=4435Kb max_used=4446Kb free=241324Kb
 bounds [0x00000000025b0000, 0x0000000002a10000, 0x00000000115b0000]
 total_blobs=1679 nmethods=1229 adapters=363
 compilation: enabled

Compilation events (10 events):
Event: 13.670 Thread 0x000000001df7c000 1226       4       java.awt.Component::numListening (97 bytes)
Event: 13.672 Thread 0x000000001df7c000 nmethod 1226 0x0000000002a02810 code [0x0000000002a02960, 0x0000000002a02b98]
Event: 13.673 Thread 0x000000001df79800 nmethod 1225 0x0000000002a07ad0 code [0x0000000002a07c60, 0x0000000002a080d8]
Event: 13.752 Thread 0x000000001df8c000 1227       4       javax.swing.JComponent::setAlignmentX (31 bytes)
Event: 13.753 Thread 0x000000001df8c000 nmethod 1227 0x0000000002a06ad0 code [0x0000000002a06c40, 0x0000000002a06d38]
Event: 13.754 Thread 0x000000001df7c000 1228   !   4       javax.swing.ImageIcon::getTracker (66 bytes)
Event: 13.755 Thread 0x000000001df7c000 nmethod 1228 0x0000000002a073d0 code [0x0000000002a07540, 0x0000000002a07908]
Event: 13.957 Thread 0x000000001df79800 1229       4       java.awt.Container::adjustListeningChildren (108 bytes)
Event: 13.959 Thread 0x000000001df79800 nmethod 1229 0x0000000002a06dd0 code [0x0000000002a06f20, 0x0000000002a070d8]
Event: 14.049 Thread 0x000000001df8c000 1230       4       sun.awt.SunToolkit::checkImage (64 bytes)

GC Heap History (10 events):
Event: 8.369 GC heap before
{Heap before GC invocations=12 (full 1):
 PSYoungGen      total 556544K, used 40906K [0x000000076af00000, 0x0000000790900000, 0x00000007c0000000)
  eden space 506880K, 0% used [0x000000076af00000,0x000000076af00000,0x0000000789e00000)
  from space 49664K, 82% used [0x0000000789e00000,0x000000078c5f2930,0x000000078ce80000)
  to   space 39424K, 0% used [0x000000078ce80000,0x000000078ce80000,0x000000078f500000)
 ParOldGen       total 175616K, used 175120K [0x00000006c0c00000, 0x00000006cb780000, 0x000000076af00000)
  object space 175616K, 99% used [0x00000006c0c00000,0x00000006cb704098,0x00000006cb780000)
 Metaspace       used 10453K, capacity 10636K, committed 10880K, reserved 1058816K
  class space    used 1253K, capacity 1321K, committed 1408K, reserved 1048576K
Event: 8.404 GC heap after
Heap after GC invocations=12 (full 1):
 PSYoungGen      total 556544K, used 30953K [0x000000076af00000, 0x0000000790900000, 0x00000007c0000000)
  eden space 506880K, 0% used [0x000000076af00000,0x000000076af00000,0x0000000789e00000)
  from space 49664K, 62% used [0x0000000789e00000,0x000000078bc3a530,0x000000078ce80000)
  to   space 39424K, 0% used [0x000000078ce80000,0x000000078ce80000,0x000000078f500000)
 ParOldGen       total 175616K, used 175135K [0x00000006c0c00000, 0x00000006cb780000, 0x000000076af00000)
  object space 175616K, 99% used [0x00000006c0c00000,0x00000006cb707e50,0x00000006cb780000)
 Metaspace       used 10453K, capacity 10636K, committed 10880K, reserved 1058816K
  class space    used 1253K, capacity 1321K, committed 1408K, reserved 1048576K
}
Event: 9.882 GC heap before
{Heap before GC invocations=13 (full 2):
 PSYoungGen      total 556544K, used 537833K [0x000000076af00000, 0x0000000790900000, 0x00000007c0000000)
  eden space 506880K, 100% used [0x000000076af00000,0x0000000789e00000,0x0000000789e00000)
  from space 49664K, 62% used [0x0000000789e00000,0x000000078bc3a530,0x000000078ce80000)
  to   space 39424K, 0% used [0x000000078ce80000,0x000000078ce80000,0x000000078f500000)
 ParOldGen       total 175616K, used 175135K [0x00000006c0c00000, 0x00000006cb780000, 0x000000076af00000)
  object space 175616K, 99% used [0x00000006c0c00000,0x00000006cb707e50,0x00000006cb780000)
 Metaspace       used 10453K, capacity 10636K, committed 10880K, reserved 1058816K
  class space    used 1253K, capacity 1321K, committed 1408K, reserved 1048576K
Event: 9.907 GC heap after
Heap after GC invocations=13 (full 2):
 PSYoungGen      total 556544K, used 70992K [0x000000076af00000, 0x0000000790900000, 0x00000007c0000000)
  eden space 506880K, 14% used [0x000000076af00000,0x000000076f4543f0,0x0000000789e00000)
  from space 49664K, 0% used [0x0000000789e00000,0x0000000789e00000,0x000000078ce80000)
  to   space 39424K, 0% used [0x000000078ce80000,0x000000078ce80000,0x000000078f500000)
 ParOldGen       total 175616K, used 175432K [0x00000006c0c00000, 0x00000006cb780000, 0x000000076af00000)
  object space 175616K, 99% used [0x00000006c0c00000,0x00000006cb752328,0x00000006cb780000)
 Metaspace       used 10453K, capacity 10636K, committed 10880K, reserved 1058816K
  class space    used 1253K, capacity 1321K, committed 1408K, reserved 1048576K
}
Event: 11.225 GC heap before
{Heap before GC invocations=14 (full 3):
 PSYoungGen      total 556544K, used 506880K [0x000000076af00000, 0x0000000790900000, 0x00000007c0000000)
  eden space 506880K, 100% used [0x000000076af00000,0x0000000789e00000,0x0000000789e00000)
  from space 49664K, 0% used [0x0000000789e00000,0x0000000789e00000,0x000000078ce80000)
  to   space 39424K, 0% used [0x000000078ce80000,0x000000078ce80000,0x000000078f500000)
 ParOldGen       total 175616K, used 175432K [0x00000006c0c00000, 0x00000006cb780000, 0x000000076af00000)
  object space 175616K, 99% used [0x00000006c0c00000,0x00000006cb752328,0x00000006cb780000)
 Metaspace       used 10453K, capacity 10636K, committed 10880K, reserved 1058816K
  class space    used 1253K, capacity 1321K, committed 1408K, reserved 1048576K
Event: 11.250 GC heap after
Heap after GC invocations=14 (full 3):
 PSYoungGen      total 556544K, used 105577K [0x000000076af00000, 0x0000000790900000, 0x00000007c0000000)
  eden space 506880K, 20% used [0x000000076af00000,0x000000077161a680,0x0000000789e00000)
  from space 49664K, 0% used [0x0000000789e00000,0x0000000789e00000,0x000000078ce80000)
  to   space 39424K, 0% used [0x000000078ce80000,0x000000078ce80000,0x000000078f500000)
 ParOldGen       total 175616K, used 175432K [0x00000006c0c00000, 0x00000006cb780000, 0x000000076af00000)
  object space 175616K, 99% used [0x00000006c0c00000,0x00000006cb752260,0x00000006cb780000)
 Metaspace       used 10453K, capacity 10636K, committed 10880K, reserved 1058816K
  class space    used 1253K, capacity 1321K, committed 1408K, reserved 1048576K
}
Event: 12.430 GC heap before
{Heap before GC invocations=15 (full 4):
 PSYoungGen      total 556544K, used 506880K [0x000000076af00000, 0x0000000790900000, 0x00000007c0000000)
  eden space 506880K, 100% used [0x000000076af00000,0x0000000789e00000,0x0000000789e00000)
  from space 49664K, 0% used [0x0000000789e00000,0x0000000789e00000,0x000000078ce80000)
  to   space 39424K, 0% used [0x000000078ce80000,0x000000078ce80000,0x000000078f500000)
 ParOldGen       total 175616K, used 175432K [0x00000006c0c00000, 0x00000006cb780000, 0x000000076af00000)
  object space 175616K, 99% used [0x00000006c0c00000,0x00000006cb752260,0x00000006cb780000)
 Metaspace       used 10453K, capacity 10636K, committed 10880K, reserved 1058816K
  class space    used 1253K, capacity 1321K, committed 1408K, reserved 1048576K
Event: 12.451 GC heap after
Heap after GC invocations=15 (full 4):
 PSYoungGen      total 556544K, used 137756K [0x000000076af00000, 0x0000000790900000, 0x00000007c0000000)
  eden space 506880K, 27% used [0x000000076af00000,0x0000000773587228,0x0000000789e00000)
  from space 49664K, 0% used [0x0000000789e00000,0x0000000789e00000,0x000000078ce80000)
  to   space 39424K, 0% used [0x000000078ce80000,0x000000078ce80000,0x000000078f500000)
 ParOldGen       total 175616K, used 175432K [0x00000006c0c00000, 0x00000006cb780000, 0x000000076af00000)
  object space 175616K, 99% used [0x00000006c0c00000,0x00000006cb752260,0x00000006cb780000)
 Metaspace       used 10453K, capacity 10636K, committed 10880K, reserved 1058816K
  class space    used 1253K, capacity 1321K, committed 1408K, reserved 1048576K
}
Event: 13.610 GC heap before
{Heap before GC invocations=16 (full 5):
 PSYoungGen      total 556544K, used 506880K [0x000000076af00000, 0x0000000790900000, 0x00000007c0000000)
  eden space 506880K, 100% used [0x000000076af00000,0x0000000789e00000,0x0000000789e00000)
  from space 49664K, 0% used [0x0000000789e00000,0x0000000789e00000,0x000000078ce80000)
  to   space 39424K, 0% used [0x000000078ce80000,0x000000078ce80000,0x000000078f500000)
 ParOldGen       total 175616K, used 175432K [0x00000006c0c00000, 0x00000006cb780000, 0x000000076af00000)
  object space 175616K, 99% used [0x00000006c0c00000,0x00000006cb752260,0x00000006cb780000)
 Metaspace       used 10453K, capacity 10636K, committed 10880K, reserved 1058816K
  class space    used 1253K, capacity 1321K, committed 1408K, reserved 1048576K
Event: 13.648 GC heap after
Heap after GC invocations=16 (full 5):
 PSYoungGen      total 556544K, used 167209K [0x000000076af00000, 0x0000000790900000, 0x00000007c0000000)
  eden space 506880K, 32% used [0x000000076af00000,0x000000077524a518,0x0000000789e00000)
  from space 49664K, 0% used [0x0000000789e00000,0x0000000789e00000,0x000000078ce80000)
  to   space 39424K, 0% used [0x000000078ce80000,0x000000078ce80000,0x000000078f500000)
 ParOldGen       total 175616K, used 175432K [0x00000006c0c00000, 0x00000006cb780000, 0x000000076af00000)
  object space 175616K, 99% used [0x00000006c0c00000,0x00000006cb752260,0x00000006cb780000)
 Metaspace       used 10453K, capacity 10636K, committed 10880K, reserved 1058816K
  class space    used 1253K, capacity 1321K, committed 1408K, reserved 1048576K
}

Deoptimization events (10 events):
Event: 0.390 Thread 0x00000000024b0800 Uncommon trap: reason=class_check action=maybe_recompile pc=0x0000000002786498 method=java.lang.String.equals(Ljava/lang/Object;)Z @ 8
Event: 0.422 Thread 0x00000000024b0800 Uncommon trap: reason=unstable_if action=reinterpret pc=0x000000000274aa08 method=java.awt.image.ComponentColorModel.getRGB(Ljava/lang/Object;)I @ 4
Event: 0.422 Thread 0x00000000024b0800 Uncommon trap: reason=unstable_if action=reinterpret pc=0x000000000274c29c method=java.awt.image.ComponentColorModel.getAlpha(Ljava/lang/Object;)I @ 4
Event: 0.422 Thread 0x00000000024b0800 Uncommon trap: reason=unstable_if action=reinterpret pc=0x000000000274939c method=java.awt.image.ComponentColorModel.extractComponent(Ljava/lang/Object;II)I @ 4
Event: 0.425 Thread 0x00000000024b0800 Uncommon trap: reason=unstable_if action=reinterpret pc=0x000000000274f3a8 method=java.awt.image.ComponentColorModel.getAlpha(Ljava/lang/Object;)I @ 4
Event: 0.426 Thread 0x00000000024b0800 Uncommon trap: reason=unstable_if action=reinterpret pc=0x0000000002776100 method=java.awt.image.ComponentColorModel.getAlpha(Ljava/lang/Object;)I @ 4
Event: 0.436 Thread 0x00000000024b0800 Uncommon trap: reason=class_check action=maybe_recompile pc=0x000000000277c5b4 method=java.awt.image.AreaAveragingScaleFilter.accumPixels(IIIILjava/awt/image/ColorModel;Ljava/lang/Object;II)V @ 474
Event: 0.436 Thread 0x00000000024b0800 Uncommon trap: reason=class_check action=maybe_recompile pc=0x000000000277c5b4 method=java.awt.image.AreaAveragingScaleFilter.accumPixels(IIIILjava/awt/image/ColorModel;Ljava/lang/Object;II)V @ 474
Event: 0.436 Thread 0x00000000024b0800 Uncommon trap: reason=class_check action=maybe_recompile pc=0x000000000277c5b4 method=java.awt.image.AreaAveragingScaleFilter.accumPixels(IIIILjava/awt/image/ColorModel;Ljava/lang/Object;II)V @ 474
Event: 0.436 Thread 0x00000000024b0800 Uncommon trap: reason=class_check action=maybe_recompile pc=0x000000000277c5b4 method=java.awt.image.AreaAveragingScaleFilter.accumPixels(IIIILjava/awt/image/ColorModel;Ljava/lang/Object;II)V @ 474

Internal exceptions (10 events):
Event: 14.022 Thread 0x00000000024b0800 Implicit null exception at 0x000000000294e878 to 0x000000000294eaba
Event: 14.022 Thread 0x00000000024b0800 Exception <a 'java/lang/NullPointerException'> (0x000000077d12c8f8) thrown at [C:\re\workspace\8-2-build-windows-amd64-cygwin\jdk8u121\8372\hotspot\src\share\vm\runtime\sharedRuntime.cpp, line 605]
Event: 14.029 Thread 0x00000000024b0800 Implicit null exception at 0x000000000294e878 to 0x000000000294eaba
Event: 14.029 Thread 0x00000000024b0800 Exception <a 'java/lang/NullPointerException'> (0x000000077d33a898) thrown at [C:\re\workspace\8-2-build-windows-amd64-cygwin\jdk8u121\8372\hotspot\src\share\vm\runtime\sharedRuntime.cpp, line 605]
Event: 14.035 Thread 0x00000000024b0800 Implicit null exception at 0x000000000294e878 to 0x000000000294eaba
Event: 14.035 Thread 0x00000000024b0800 Exception <a 'java/lang/NullPointerException'> (0x000000077d5da198) thrown at [C:\re\workspace\8-2-build-windows-amd64-cygwin\jdk8u121\8372\hotspot\src\share\vm\runtime\sharedRuntime.cpp, line 605]
Event: 14.042 Thread 0x00000000024b0800 Implicit null exception at 0x000000000294e878 to 0x000000000294eaba
Event: 14.042 Thread 0x00000000024b0800 Exception <a 'java/lang/NullPointerException'> (0x000000077d7e8150) thrown at [C:\re\workspace\8-2-build-windows-amd64-cygwin\jdk8u121\8372\hotspot\src\share\vm\runtime\sharedRuntime.cpp, line 605]
Event: 14.048 Thread 0x00000000024b0800 Implicit null exception at 0x000000000294e878 to 0x000000000294eaba
Event: 14.049 Thread 0x00000000024b0800 Exception <a 'java/lang/NullPointerException'> (0x000000077da87a50) thrown at [C:\re\workspace\8-2-build-windows-amd64-cygwin\jdk8u121\8372\hotspot\src\share\vm\runtime\sharedRuntime.cpp, line 605]

Events (10 events):
Event: 8.357 Executing VM operation: ParallelGCFailedAllocation
Event: 8.404 Executing VM operation: ParallelGCFailedAllocation done
Event: 9.882 Executing VM operation: ParallelGCFailedAllocation
Event: 9.907 Executing VM operation: ParallelGCFailedAllocation done
Event: 11.225 Executing VM operation: ParallelGCFailedAllocation
Event: 11.250 Executing VM operation: ParallelGCFailedAllocation done
Event: 12.430 Executing VM operation: ParallelGCFailedAllocation
Event: 12.451 Executing VM operation: ParallelGCFailedAllocation done
Event: 13.610 Executing VM operation: ParallelGCFailedAllocation
Event: 13.648 Executing VM operation: ParallelGCFailedAllocation done


Dynamic libraries:
0x00007ff6c2750000 - 0x00007ff6c2787000 	C:\Program Files\Java\jre1.8.0_121\bin\javaw.exe
0x00007fffaa1d0000 - 0x00007fffaa3a1000 	C:\Windows\SYSTEM32\ntdll.dll
0x00007fffa7b20000 - 0x00007fffa7bcb000 	C:\Windows\System32\KERNEL32.DLL
0x00007fffa6a70000 - 0x00007fffa6c8d000 	C:\Windows\System32\KERNELBASE.dll
0x00007fffa7a30000 - 0x00007fffa7ad2000 	C:\Windows\System32\ADVAPI32.dll
0x00007fffaa0d0000 - 0x00007fffaa16e000 	C:\Windows\System32\msvcrt.dll
0x00007fffa80c0000 - 0x00007fffa8119000 	C:\Windows\System32\sechost.dll
0x00007fffa9fa0000 - 0x00007fffaa0c1000 	C:\Windows\System32\RPCRT4.dll
0x00007fffa9d90000 - 0x00007fffa9ef5000 	C:\Windows\System32\USER32.dll
0x00007fffa6c90000 - 0x00007fffa6cae000 	C:\Windows\System32\win32u.dll
0x00007fffa7ae0000 - 0x00007fffa7b14000 	C:\Windows\System32\GDI32.dll
0x00007fffa6770000 - 0x00007fffa68f2000 	C:\Windows\System32\gdi32full.dll
0x00007fff9aac0000 - 0x00007fff9ad39000 	C:\Windows\WinSxS\amd64_microsoft.windows.common-controls_6595b64144ccf1df_6.0.14393.447_none_42191651c6827bb3\COMCTL32.dll
0x00007fffa7d90000 - 0x00007fffa8058000 	C:\Windows\System32\combase.dll
0x00007fffa6900000 - 0x00007fffa69f5000 	C:\Windows\System32\ucrtbase.dll
0x00007fffa6a00000 - 0x00007fffa6a6a000 	C:\Windows\System32\bcryptPrimitives.dll
0x00007fffa8550000 - 0x00007fffa857e000 	C:\Windows\System32\IMM32.DLL
0x00000000540a0000 - 0x0000000054172000 	C:\Program Files\Java\jre1.8.0_121\bin\msvcr100.dll
0x0000000054340000 - 0x0000000054bdb000 	C:\Program Files\Java\jre1.8.0_121\bin\server\jvm.dll
0x00007fffa79a0000 - 0x00007fffa79a8000 	C:\Windows\System32\PSAPI.DLL
0x00007fffa4970000 - 0x00007fffa4993000 	C:\Windows\SYSTEM32\WINMM.dll
0x00007fff9b0c0000 - 0x00007fff9b0ca000 	C:\Windows\SYSTEM32\VERSION.dll
0x00007fffa2290000 - 0x00007fffa2299000 	C:\Windows\SYSTEM32\WSOCK32.dll
0x00007fffa79c0000 - 0x00007fffa7a2a000 	C:\Windows\System32\WS2_32.dll
0x00007fffa48c0000 - 0x00007fffa48eb000 	C:\Windows\SYSTEM32\WINMMBASE.dll
0x00007fffa7710000 - 0x00007fffa7752000 	C:\Windows\System32\cfgmgr32.dll
0x0000000054250000 - 0x000000005425f000 	C:\Program Files\Java\jre1.8.0_121\bin\verify.dll
0x0000000054220000 - 0x0000000054249000 	C:\Program Files\Java\jre1.8.0_121\bin\java.dll
0x0000000054200000 - 0x0000000054216000 	C:\Program Files\Java\jre1.8.0_121\bin\zip.dll
0x00007fffa8880000 - 0x00007fffa9d89000 	C:\Windows\System32\SHELL32.dll
0x00007fffa6cb0000 - 0x00007fffa738a000 	C:\Windows\System32\windows.storage.dll
0x00007fffa6650000 - 0x00007fffa669c000 	C:\Windows\System32\powrprof.dll
0x00007fffa87a0000 - 0x00007fffa87f2000 	C:\Windows\System32\shlwapi.dll
0x00007fffa6630000 - 0x00007fffa663f000 	C:\Windows\System32\kernel.appcore.dll
0x00007fffa66c0000 - 0x00007fffa6769000 	C:\Windows\System32\shcore.dll
0x00007fffa66a0000 - 0x00007fffa66b4000 	C:\Windows\System32\profapi.dll
0x0000000053f00000 - 0x0000000054098000 	C:\Program Files\Java\jre1.8.0_121\bin\awt.dll
0x00007fffa86e0000 - 0x00007fffa879f000 	C:\Windows\System32\OLEAUT32.dll
0x00007fffa7670000 - 0x00007fffa770c000 	C:\Windows\System32\msvcp_win.dll
0x00007fffa4ba0000 - 0x00007fffa4c1a000 	C:\Windows\SYSTEM32\apphelp.dll
0x00007fffa4dc0000 - 0x00007fffa4e55000 	C:\Windows\system32\uxtheme.dll
0x00007fffa8580000 - 0x00007fffa86db000 	C:\Windows\System32\MSCTF.dll
0x00007fffa3ef0000 - 0x00007fffa3f16000 	C:\Windows\system32\dwmapi.dll
0x00007fffa7860000 - 0x00007fffa7997000 	C:\Windows\System32\ole32.dll
0x00007fff84c30000 - 0x00007fff84d53000 	C:\Windows\system32\opengl32.dll
0x00007fff78ba0000 - 0x00007fff78c97000 	C:\Windows\SYSTEM32\DDRAW.dll
0x00007fff96fb0000 - 0x00007fff96fdd000 	C:\Windows\SYSTEM32\GLU32.dll
0x00007fff9fc00000 - 0x00007fff9fc08000 	C:\Windows\SYSTEM32\DCIMAN32.dll
0x00007fff84db0000 - 0x00007fff84f3d000 	C:\Windows\system32\d3d9.dll
0x00007fff93b40000 - 0x00007fff93cbd000 	C:\Windows\System32\DriverStore\FileRepository\c0309377.inf_amd64_7ab08912e1e1da0a\aticfx64.dll
0x00007fff96f80000 - 0x00007fff96fa9000 	C:\Windows\System32\DriverStore\FileRepository\c0309377.inf_amd64_7ab08912e1e1da0a\atiu9p64.dll
0x00007fff6b930000 - 0x00007fff6c1af000 	C:\Windows\System32\DriverStore\FileRepository\c0309377.inf_amd64_7ab08912e1e1da0a\atiumd64.dll
0x0000000055ee0000 - 0x000000005698a000 	C:\Windows\System32\DriverStore\FileRepository\c0309377.inf_amd64_7ab08912e1e1da0a\atiumd6a.dll
0x0000000053eb0000 - 0x0000000053ef7000 	C:\Program Files\Java\jre1.8.0_121\bin\fontmanager.dll
0x00000000541e0000 - 0x00000000541fa000 	C:\Program Files\Java\jre1.8.0_121\bin\net.dll
0x00007fffa5f00000 - 0x00007fffa5f5c000 	C:\Windows\system32\mswsock.dll
0x00000000541c0000 - 0x00000000541d1000 	C:\Program Files\Java\jre1.8.0_121\bin\nio.dll
0x0000000053e60000 - 0x0000000053ea2000 	C:\Program Files\Java\jre1.8.0_121\bin\t2k.dll
0x0000000053c60000 - 0x0000000053c91000 	C:\Program Files\Java\jre1.8.0_121\bin\jpeg.dll

VM Arguments:
jvm_args: -Dfile.encoding=Cp1252 
java_command: DepartmentPage
java_class_path (initial): C:\Users\Bryce\BlueTeamOnlineStore\bin
Launcher Type: SUN_STANDARD

Environment Variables:
PATH=C:/Program Files/Java/jre1.8.0_121/bin/server;C:/Program Files/Java/jre1.8.0_121/bin;C:/Program Files/Java/jre1.8.0_121/lib/amd64;C:\Program Files (x86)\Google\Chrome\Application;C:\ProgramData\Oracle\Java\javapath;C:\Program Files (x86)\NVIDIA Corporation\PhysX\Common;C:\Program Files (x86)\ActiveState Komodo Edit 10\;C:\Windows\system32;C:\Windows;C:\Windows\System32\Wbem;C:\Windows\System32\WindowsPowerShell\v1.0\;C:\Program Files (x86)\Skype\Phone\;C:\Program Files (x86)\Common Files\Adobe\AGL;C:\Users\Bryce\AppData\Local\Microsoft\WindowsApps;E:\New Downloads;
USERNAME=Bryce
OS=Windows_NT
PROCESSOR_IDENTIFIER=Intel64 Family 6 Model 58 Stepping 9, GenuineIntel



---------------  S Y S T E M  ---------------

OS: Windows 10.0 , 64 bit Build 14393 (10.0.14393.0)

CPU:total 8 (4 cores per cpu, 2 threads per core) family 6 model 58 stepping 9, cmov, cx8, fxsr, mmx, sse, sse2, sse3, ssse3, sse4.1, sse4.2, popcnt, avx, aes, clmul, erms, ht, tsc, tscinvbit, tscinv

Memory: 4k page, physical 16720504k(5087548k free), swap 29520628k(5156k free)

vm_info: Java HotSpot(TM) 64-Bit Server VM (25.121-b13) for windows-amd64 JRE (1.8.0_121-b13), built on Dec 12 2016 18:21:36 by "java_re" with MS VC++ 10.0 (VS2010)

time: Sat Mar 11 16:12:27 2017
elapsed time: 14 seconds (0d 0h 0m 14s)

